2022-02-11 12:04:35,407 [INFO] Activator:177 - 


2022-02-11 12:04:35,411 [INFO] Activator:178 - !SESSION log4j initialized
2022-03-20 13:39:29,399 [INFO] Activator:177 - 


2022-03-20 13:39:29,403 [INFO] Activator:178 - !SESSION log4j initialized
2022-03-20 14:12:44,829 [INFO] LogOutputStream:76 - [STDOUT_REDIRECT] Compilation Unit @ b
2022-03-20 14:12:44,833 [INFO] LogOutputStream:76 - [STDOUT_REDIRECT] Length: 446
2022-03-20 14:12:44,835 [INFO] LogOutputStream:76 - [STDOUT_REDIRECT] Version: 4
2022-03-20 14:12:44,837 [INFO] LogOutputStream:76 - [STDOUT_REDIRECT] Abbreviation: 0
2022-03-20 14:12:44,838 [INFO] LogOutputStream:76 - [STDOUT_REDIRECT] Address size: 8
2022-03-20 14:12:44,840 [INFO] LogOutputStream:76 - [STDOUT_REDIRECT] Offset size: 4
2022-03-20 14:12:44,844 [INFO] LogOutputStream:76 - [STDOUT_REDIRECT] 	Abrev Entry: 1 11 1
2022-03-20 14:12:44,847 [INFO] LogOutputStream:76 - [STDOUT_REDIRECT] 		 25 8
2022-03-20 14:12:44,849 [INFO] LogOutputStream:76 - [STDOUT_REDIRECT] 		 13 b
2022-03-20 14:12:44,851 [INFO] LogOutputStream:76 - [STDOUT_REDIRECT] 		 3 8
2022-03-20 14:12:44,853 [INFO] LogOutputStream:76 - [STDOUT_REDIRECT] 		 1b 8
2022-03-20 14:12:44,855 [INFO] LogOutputStream:76 - [STDOUT_REDIRECT] 		 11 1
2022-03-20 14:12:44,857 [INFO] LogOutputStream:76 - [STDOUT_REDIRECT] 		 12 7
2022-03-20 14:12:44,859 [INFO] LogOutputStream:76 - [STDOUT_REDIRECT] 		 10 17
2022-03-20 14:12:44,862 [INFO] LogOutputStream:76 - [STDOUT_REDIRECT] 		 2119 17
2022-03-20 14:12:44,864 [INFO] LogOutputStream:76 - [STDOUT_REDIRECT] 		 0 0
2022-03-20 14:12:44,866 [INFO] LogOutputStream:76 - [STDOUT_REDIRECT] 	Abrev Entry: 2 24 0
2022-03-20 14:12:44,867 [INFO] LogOutputStream:76 - [STDOUT_REDIRECT] 		 b b
2022-03-20 14:12:44,868 [INFO] LogOutputStream:76 - [STDOUT_REDIRECT] 		 3e b
2022-03-20 14:12:44,870 [INFO] LogOutputStream:76 - [STDOUT_REDIRECT] 		 3 8
2022-03-20 14:12:44,871 [INFO] LogOutputStream:76 - [STDOUT_REDIRECT] 		 0 0
2022-03-20 14:12:44,872 [INFO] LogOutputStream:76 - [STDOUT_REDIRECT] 	Abrev Entry: 3 2e 1
2022-03-20 14:12:44,873 [INFO] LogOutputStream:76 - [STDOUT_REDIRECT] 		 3f 19
2022-03-20 14:12:44,874 [INFO] LogOutputStream:76 - [STDOUT_REDIRECT] 		 3 8
2022-03-20 14:12:44,875 [INFO] LogOutputStream:76 - [STDOUT_REDIRECT] 		 3a b
2022-03-20 14:12:44,876 [INFO] LogOutputStream:76 - [STDOUT_REDIRECT] 		 3b b
2022-03-20 14:12:44,877 [INFO] LogOutputStream:76 - [STDOUT_REDIRECT] 		 39 b
2022-03-20 14:12:44,878 [INFO] LogOutputStream:76 - [STDOUT_REDIRECT] 		 49 13
2022-03-20 14:12:44,879 [INFO] LogOutputStream:76 - [STDOUT_REDIRECT] 		 11 1
2022-03-20 14:12:44,880 [INFO] LogOutputStream:76 - [STDOUT_REDIRECT] 		 12 7
2022-03-20 14:12:44,881 [INFO] LogOutputStream:76 - [STDOUT_REDIRECT] 		 40 18
2022-03-20 14:12:44,882 [INFO] LogOutputStream:76 - [STDOUT_REDIRECT] 		 2116 19
2022-03-20 14:12:44,883 [INFO] LogOutputStream:76 - [STDOUT_REDIRECT] 		 1 13
2022-03-20 14:12:44,884 [INFO] LogOutputStream:76 - [STDOUT_REDIRECT] 		 0 0
2022-03-20 14:12:44,886 [INFO] LogOutputStream:76 - [STDOUT_REDIRECT] 	Abrev Entry: 4 34 0
2022-03-20 14:12:44,886 [INFO] LogOutputStream:76 - [STDOUT_REDIRECT] 		 3 8
2022-03-20 14:12:44,887 [INFO] LogOutputStream:76 - [STDOUT_REDIRECT] 		 3a b
2022-03-20 14:12:44,888 [INFO] LogOutputStream:76 - [STDOUT_REDIRECT] 		 3b b
2022-03-20 14:12:44,890 [INFO] LogOutputStream:76 - [STDOUT_REDIRECT] 		 39 b
2022-03-20 14:12:44,891 [INFO] LogOutputStream:76 - [STDOUT_REDIRECT] 		 49 13
2022-03-20 14:12:44,891 [INFO] LogOutputStream:76 - [STDOUT_REDIRECT] 		 2 18
2022-03-20 14:12:44,892 [INFO] LogOutputStream:76 - [STDOUT_REDIRECT] 		 0 0
2022-03-20 14:12:44,894 [INFO] LogOutputStream:76 - [STDOUT_REDIRECT] 	Abrev Entry: 5 4109 0
2022-03-20 14:12:44,895 [INFO] LogOutputStream:76 - [STDOUT_REDIRECT] 		 11 1
2022-03-20 14:12:44,896 [INFO] LogOutputStream:76 - [STDOUT_REDIRECT] 		 31 13
2022-03-20 14:12:44,897 [INFO] LogOutputStream:76 - [STDOUT_REDIRECT] 		 0 0
2022-03-20 14:12:44,898 [INFO] LogOutputStream:76 - [STDOUT_REDIRECT] 	Abrev Entry: 6 1 1
2022-03-20 14:12:44,899 [INFO] LogOutputStream:76 - [STDOUT_REDIRECT] 		 49 13
2022-03-20 14:12:44,900 [INFO] LogOutputStream:76 - [STDOUT_REDIRECT] 		 1 13
2022-03-20 14:12:44,901 [INFO] LogOutputStream:76 - [STDOUT_REDIRECT] 		 0 0
2022-03-20 14:12:44,902 [INFO] LogOutputStream:76 - [STDOUT_REDIRECT] 	Abrev Entry: 7 21 0
2022-03-20 14:12:44,903 [INFO] LogOutputStream:76 - [STDOUT_REDIRECT] 		 49 13
2022-03-20 14:12:44,904 [INFO] LogOutputStream:76 - [STDOUT_REDIRECT] 		 2f b
2022-03-20 14:12:44,904 [INFO] LogOutputStream:76 - [STDOUT_REDIRECT] 		 0 0
2022-03-20 14:12:44,920 [INFO] LogOutputStream:76 - [STDOUT_REDIRECT] 	Abrev Entry: 8 2e 0
2022-03-20 14:12:44,921 [INFO] LogOutputStream:76 - [STDOUT_REDIRECT] 		 3f 19
2022-03-20 14:12:44,922 [INFO] LogOutputStream:76 - [STDOUT_REDIRECT] 		 3c 19
2022-03-20 14:12:44,923 [INFO] LogOutputStream:76 - [STDOUT_REDIRECT] 		 6e e
2022-03-20 14:12:44,924 [INFO] LogOutputStream:76 - [STDOUT_REDIRECT] 		 3 e
2022-03-20 14:12:44,925 [INFO] LogOutputStream:76 - [STDOUT_REDIRECT] 		 3a b
2022-03-20 14:12:44,926 [INFO] LogOutputStream:76 - [STDOUT_REDIRECT] 		 3b b
2022-03-20 14:12:44,927 [INFO] LogOutputStream:76 - [STDOUT_REDIRECT] 		 39 b
2022-03-20 14:12:44,928 [INFO] LogOutputStream:76 - [STDOUT_REDIRECT] 		 0 0
2022-03-20 14:12:44,931 [INFO] LogOutputStream:76 - [STDOUT_REDIRECT] Compilation Unit @ 1cd
2022-03-20 14:12:44,932 [INFO] LogOutputStream:76 - [STDOUT_REDIRECT] Length: 42
2022-03-20 14:12:44,933 [INFO] LogOutputStream:76 - [STDOUT_REDIRECT] Version: 2
2022-03-20 14:12:44,934 [INFO] LogOutputStream:76 - [STDOUT_REDIRECT] Abbreviation: 127
2022-03-20 14:12:44,935 [INFO] LogOutputStream:76 - [STDOUT_REDIRECT] Address size: 8
2022-03-20 14:12:44,937 [INFO] LogOutputStream:76 - [STDOUT_REDIRECT] Offset size: 4
2022-03-20 14:12:44,938 [INFO] LogOutputStream:76 - [STDOUT_REDIRECT] 	Abrev Entry: 1 11 0
2022-03-20 14:12:44,939 [INFO] LogOutputStream:76 - [STDOUT_REDIRECT] 		 10 6
2022-03-20 14:12:44,940 [INFO] LogOutputStream:76 - [STDOUT_REDIRECT] 		 11 1
2022-03-20 14:12:44,941 [INFO] LogOutputStream:76 - [STDOUT_REDIRECT] 		 12 1
2022-03-20 14:12:44,942 [INFO] LogOutputStream:76 - [STDOUT_REDIRECT] 		 3 e
2022-03-20 14:12:44,943 [INFO] LogOutputStream:76 - [STDOUT_REDIRECT] 		 1b e
2022-03-20 14:12:44,944 [INFO] LogOutputStream:76 - [STDOUT_REDIRECT] 		 25 e
2022-03-20 14:12:44,945 [INFO] LogOutputStream:76 - [STDOUT_REDIRECT] 		 13 5
2022-03-20 14:12:44,946 [INFO] LogOutputStream:76 - [STDOUT_REDIRECT] 		 0 0
2022-03-20 14:12:44,948 [INFO] LogOutputStream:76 - [STDOUT_REDIRECT] Compilation Unit @ 1fb
2022-03-20 14:12:44,949 [INFO] LogOutputStream:76 - [STDOUT_REDIRECT] Length: 7894
2022-03-20 14:12:44,950 [INFO] LogOutputStream:76 - [STDOUT_REDIRECT] Version: 4
2022-03-20 14:12:44,951 [INFO] LogOutputStream:76 - [STDOUT_REDIRECT] Abbreviation: 147
2022-03-20 14:12:44,953 [INFO] LogOutputStream:76 - [STDOUT_REDIRECT] Address size: 8
2022-03-20 14:12:44,955 [INFO] LogOutputStream:76 - [STDOUT_REDIRECT] Offset size: 4
2022-03-20 14:12:44,957 [INFO] LogOutputStream:76 - [STDOUT_REDIRECT] 	Abrev Entry: 1 11 1
2022-03-20 14:12:44,958 [INFO] LogOutputStream:76 - [STDOUT_REDIRECT] 		 25 8
2022-03-20 14:12:44,960 [INFO] LogOutputStream:76 - [STDOUT_REDIRECT] 		 13 b
2022-03-20 14:12:44,961 [INFO] LogOutputStream:76 - [STDOUT_REDIRECT] 		 3 8
2022-03-20 14:12:44,962 [INFO] LogOutputStream:76 - [STDOUT_REDIRECT] 		 1b 8
2022-03-20 14:12:44,963 [INFO] LogOutputStream:76 - [STDOUT_REDIRECT] 		 10 17
2022-03-20 14:12:44,963 [INFO] LogOutputStream:76 - [STDOUT_REDIRECT] 		 0 0
2022-03-20 14:12:44,965 [INFO] LogOutputStream:76 - [STDOUT_REDIRECT] 	Abrev Entry: 2 24 0
2022-03-20 14:12:44,966 [INFO] LogOutputStream:76 - [STDOUT_REDIRECT] 		 b b
2022-03-20 14:12:44,967 [INFO] LogOutputStream:76 - [STDOUT_REDIRECT] 		 3e b
2022-03-20 14:12:44,968 [INFO] LogOutputStream:76 - [STDOUT_REDIRECT] 		 3 8
2022-03-20 14:12:44,969 [INFO] LogOutputStream:76 - [STDOUT_REDIRECT] 		 0 0
2022-03-20 14:12:44,970 [INFO] LogOutputStream:76 - [STDOUT_REDIRECT] 	Abrev Entry: 3 26 0
2022-03-20 14:12:44,971 [INFO] LogOutputStream:76 - [STDOUT_REDIRECT] 		 49 13
2022-03-20 14:12:44,972 [INFO] LogOutputStream:76 - [STDOUT_REDIRECT] 		 0 0
2022-03-20 14:12:44,974 [INFO] LogOutputStream:76 - [STDOUT_REDIRECT] 	Abrev Entry: 4 16 0
2022-03-20 14:12:44,974 [INFO] LogOutputStream:76 - [STDOUT_REDIRECT] 		 3 8
2022-03-20 14:12:44,975 [INFO] LogOutputStream:76 - [STDOUT_REDIRECT] 		 3a b
2022-03-20 14:12:44,977 [INFO] LogOutputStream:76 - [STDOUT_REDIRECT] 		 3b b
2022-03-20 14:12:44,978 [INFO] LogOutputStream:76 - [STDOUT_REDIRECT] 		 39 b
2022-03-20 14:12:44,979 [INFO] LogOutputStream:76 - [STDOUT_REDIRECT] 		 49 13
2022-03-20 14:12:44,981 [INFO] LogOutputStream:76 - [STDOUT_REDIRECT] 		 0 0
2022-03-20 14:12:44,983 [INFO] LogOutputStream:76 - [STDOUT_REDIRECT] 	Abrev Entry: 5 f 0
2022-03-20 14:12:44,985 [INFO] LogOutputStream:76 - [STDOUT_REDIRECT] 		 b b
2022-03-20 14:12:44,986 [INFO] LogOutputStream:76 - [STDOUT_REDIRECT] 		 49 13
2022-03-20 14:12:44,987 [INFO] LogOutputStream:76 - [STDOUT_REDIRECT] 		 0 0
2022-03-20 14:12:44,990 [INFO] LogOutputStream:76 - [STDOUT_REDIRECT] 	Abrev Entry: 6 34 0
2022-03-20 14:12:44,991 [INFO] LogOutputStream:76 - [STDOUT_REDIRECT] 		 3 8
2022-03-20 14:12:44,993 [INFO] LogOutputStream:76 - [STDOUT_REDIRECT] 		 3a b
2022-03-20 14:12:44,994 [INFO] LogOutputStream:76 - [STDOUT_REDIRECT] 		 3b b
2022-03-20 14:12:44,995 [INFO] LogOutputStream:76 - [STDOUT_REDIRECT] 		 39 b
2022-03-20 14:12:44,996 [INFO] LogOutputStream:76 - [STDOUT_REDIRECT] 		 49 13
2022-03-20 14:12:44,997 [INFO] LogOutputStream:76 - [STDOUT_REDIRECT] 		 3f 19
2022-03-20 14:12:44,999 [INFO] LogOutputStream:76 - [STDOUT_REDIRECT] 		 3c 19
2022-03-20 14:12:45,000 [INFO] LogOutputStream:76 - [STDOUT_REDIRECT] 		 0 0
2022-03-20 14:12:45,001 [INFO] LogOutputStream:76 - [STDOUT_REDIRECT] 	Abrev Entry: 7 15 0
2022-03-20 14:12:45,002 [INFO] LogOutputStream:76 - [STDOUT_REDIRECT] 		 27 19
2022-03-20 14:12:45,003 [INFO] LogOutputStream:76 - [STDOUT_REDIRECT] 		 0 0
2022-03-20 14:12:45,005 [INFO] LogOutputStream:76 - [STDOUT_REDIRECT] 	Abrev Entry: 8 1 1
2022-03-20 14:12:45,006 [INFO] LogOutputStream:76 - [STDOUT_REDIRECT] 		 49 13
2022-03-20 14:12:45,006 [INFO] LogOutputStream:76 - [STDOUT_REDIRECT] 		 1 13
2022-03-20 14:12:45,007 [INFO] LogOutputStream:76 - [STDOUT_REDIRECT] 		 0 0
2022-03-20 14:12:45,009 [INFO] LogOutputStream:76 - [STDOUT_REDIRECT] 	Abrev Entry: 9 21 0
2022-03-20 14:12:45,010 [INFO] LogOutputStream:76 - [STDOUT_REDIRECT] 		 49 13
2022-03-20 14:12:45,011 [INFO] LogOutputStream:76 - [STDOUT_REDIRECT] 		 2f b
2022-03-20 14:12:45,013 [INFO] LogOutputStream:76 - [STDOUT_REDIRECT] 		 0 0
2022-03-20 14:12:45,015 [INFO] LogOutputStream:76 - [STDOUT_REDIRECT] 	Abrev Entry: 10 34 0
2022-03-20 14:12:45,016 [INFO] LogOutputStream:76 - [STDOUT_REDIRECT] 		 3 8
2022-03-20 14:12:45,016 [INFO] LogOutputStream:76 - [STDOUT_REDIRECT] 		 3a b
2022-03-20 14:12:45,017 [INFO] LogOutputStream:76 - [STDOUT_REDIRECT] 		 3b 5
2022-03-20 14:12:45,018 [INFO] LogOutputStream:76 - [STDOUT_REDIRECT] 		 39 b
2022-03-20 14:12:45,020 [INFO] LogOutputStream:76 - [STDOUT_REDIRECT] 		 49 13
2022-03-20 14:12:45,020 [INFO] LogOutputStream:76 - [STDOUT_REDIRECT] 		 3f 19
2022-03-20 14:12:45,021 [INFO] LogOutputStream:76 - [STDOUT_REDIRECT] 		 3c 19
2022-03-20 14:12:45,022 [INFO] LogOutputStream:76 - [STDOUT_REDIRECT] 		 0 0
2022-03-20 14:12:45,024 [INFO] LogOutputStream:76 - [STDOUT_REDIRECT] 	Abrev Entry: 11 15 1
2022-03-20 14:12:45,025 [INFO] LogOutputStream:76 - [STDOUT_REDIRECT] 		 27 19
2022-03-20 14:12:45,026 [INFO] LogOutputStream:76 - [STDOUT_REDIRECT] 		 49 13
2022-03-20 14:12:45,027 [INFO] LogOutputStream:76 - [STDOUT_REDIRECT] 		 1 13
2022-03-20 14:12:45,028 [INFO] LogOutputStream:76 - [STDOUT_REDIRECT] 		 0 0
2022-03-20 14:12:45,029 [INFO] LogOutputStream:76 - [STDOUT_REDIRECT] 	Abrev Entry: 12 5 0
2022-03-20 14:12:45,031 [INFO] LogOutputStream:76 - [STDOUT_REDIRECT] 		 49 13
2022-03-20 14:12:45,032 [INFO] LogOutputStream:76 - [STDOUT_REDIRECT] 		 0 0
2022-03-20 14:12:45,033 [INFO] LogOutputStream:76 - [STDOUT_REDIRECT] 	Abrev Entry: 13 26 0
2022-03-20 14:12:45,034 [INFO] LogOutputStream:76 - [STDOUT_REDIRECT] 		 0 0
2022-03-20 14:12:45,036 [INFO] LogOutputStream:76 - [STDOUT_REDIRECT] 	Abrev Entry: 14 4 1
2022-03-20 14:12:45,037 [INFO] LogOutputStream:76 - [STDOUT_REDIRECT] 		 3 8
2022-03-20 14:12:45,038 [INFO] LogOutputStream:76 - [STDOUT_REDIRECT] 		 3e b
2022-03-20 14:12:45,039 [INFO] LogOutputStream:76 - [STDOUT_REDIRECT] 		 b b
2022-03-20 14:12:45,039 [INFO] LogOutputStream:76 - [STDOUT_REDIRECT] 		 49 13
2022-03-20 14:12:45,040 [INFO] LogOutputStream:76 - [STDOUT_REDIRECT] 		 3a b
2022-03-20 14:12:45,041 [INFO] LogOutputStream:76 - [STDOUT_REDIRECT] 		 3b b
2022-03-20 14:12:45,042 [INFO] LogOutputStream:76 - [STDOUT_REDIRECT] 		 39 b
2022-03-20 14:12:45,044 [INFO] LogOutputStream:76 - [STDOUT_REDIRECT] 		 1 13
2022-03-20 14:12:45,044 [INFO] LogOutputStream:76 - [STDOUT_REDIRECT] 		 0 0
2022-03-20 14:12:45,046 [INFO] LogOutputStream:76 - [STDOUT_REDIRECT] 	Abrev Entry: 15 28 0
2022-03-20 14:12:45,047 [INFO] LogOutputStream:76 - [STDOUT_REDIRECT] 		 3 8
2022-03-20 14:12:45,048 [INFO] LogOutputStream:76 - [STDOUT_REDIRECT] 		 1c b
2022-03-20 14:12:45,049 [INFO] LogOutputStream:76 - [STDOUT_REDIRECT] 		 0 0
2022-03-20 14:12:45,050 [INFO] LogOutputStream:76 - [STDOUT_REDIRECT] 	Abrev Entry: 16 21 0
2022-03-20 14:12:45,051 [INFO] LogOutputStream:76 - [STDOUT_REDIRECT] 		 0 0
2022-03-20 14:12:45,053 [INFO] LogOutputStream:76 - [STDOUT_REDIRECT] 	Abrev Entry: 17 13 1
2022-03-20 14:12:45,054 [INFO] LogOutputStream:76 - [STDOUT_REDIRECT] 		 3 8
2022-03-20 14:12:45,055 [INFO] LogOutputStream:76 - [STDOUT_REDIRECT] 		 b b
2022-03-20 14:12:45,055 [INFO] LogOutputStream:76 - [STDOUT_REDIRECT] 		 3a b
2022-03-20 14:12:45,056 [INFO] LogOutputStream:76 - [STDOUT_REDIRECT] 		 3b b
2022-03-20 14:12:45,057 [INFO] LogOutputStream:76 - [STDOUT_REDIRECT] 		 39 b
2022-03-20 14:12:45,058 [INFO] LogOutputStream:76 - [STDOUT_REDIRECT] 		 1 13
2022-03-20 14:12:45,060 [INFO] LogOutputStream:76 - [STDOUT_REDIRECT] 		 0 0
2022-03-20 14:12:45,062 [INFO] LogOutputStream:76 - [STDOUT_REDIRECT] 	Abrev Entry: 18 d 0
2022-03-20 14:12:45,063 [INFO] LogOutputStream:76 - [STDOUT_REDIRECT] 		 3 8
2022-03-20 14:12:45,064 [INFO] LogOutputStream:76 - [STDOUT_REDIRECT] 		 3a b
2022-03-20 14:12:45,065 [INFO] LogOutputStream:76 - [STDOUT_REDIRECT] 		 3b b
2022-03-20 14:12:45,066 [INFO] LogOutputStream:76 - [STDOUT_REDIRECT] 		 39 b
2022-03-20 14:12:45,067 [INFO] LogOutputStream:76 - [STDOUT_REDIRECT] 		 49 13
2022-03-20 14:12:45,068 [INFO] LogOutputStream:76 - [STDOUT_REDIRECT] 		 38 b
2022-03-20 14:12:45,069 [INFO] LogOutputStream:76 - [STDOUT_REDIRECT] 		 0 0
2022-03-20 14:12:45,070 [INFO] LogOutputStream:76 - [STDOUT_REDIRECT] 	Abrev Entry: 19 13 1
2022-03-20 14:12:45,071 [INFO] LogOutputStream:76 - [STDOUT_REDIRECT] 		 3 8
2022-03-20 14:12:45,073 [INFO] LogOutputStream:76 - [STDOUT_REDIRECT] 		 b 5
2022-03-20 14:12:45,074 [INFO] LogOutputStream:76 - [STDOUT_REDIRECT] 		 3a b
2022-03-20 14:12:45,075 [INFO] LogOutputStream:76 - [STDOUT_REDIRECT] 		 3b b
2022-03-20 14:12:45,076 [INFO] LogOutputStream:76 - [STDOUT_REDIRECT] 		 39 b
2022-03-20 14:12:45,077 [INFO] LogOutputStream:76 - [STDOUT_REDIRECT] 		 1 13
2022-03-20 14:12:45,078 [INFO] LogOutputStream:76 - [STDOUT_REDIRECT] 		 0 0
2022-03-20 14:12:45,079 [INFO] LogOutputStream:76 - [STDOUT_REDIRECT] 	Abrev Entry: 20 d 0
2022-03-20 14:12:45,080 [INFO] LogOutputStream:76 - [STDOUT_REDIRECT] 		 3 8
2022-03-20 14:12:45,081 [INFO] LogOutputStream:76 - [STDOUT_REDIRECT] 		 3a b
2022-03-20 14:12:45,083 [INFO] LogOutputStream:76 - [STDOUT_REDIRECT] 		 3b 5
2022-03-20 14:12:45,084 [INFO] LogOutputStream:76 - [STDOUT_REDIRECT] 		 39 b
2022-03-20 14:12:45,085 [INFO] LogOutputStream:76 - [STDOUT_REDIRECT] 		 49 13
2022-03-20 14:12:45,087 [INFO] LogOutputStream:76 - [STDOUT_REDIRECT] 		 38 b
2022-03-20 14:12:45,088 [INFO] LogOutputStream:76 - [STDOUT_REDIRECT] 		 0 0
2022-03-20 14:12:45,090 [INFO] LogOutputStream:76 - [STDOUT_REDIRECT] 	Abrev Entry: 21 d 0
2022-03-20 14:12:45,091 [INFO] LogOutputStream:76 - [STDOUT_REDIRECT] 		 3 8
2022-03-20 14:12:45,108 [INFO] LogOutputStream:76 - [STDOUT_REDIRECT] 		 3a b
2022-03-20 14:12:45,110 [INFO] LogOutputStream:76 - [STDOUT_REDIRECT] 		 3b 5
2022-03-20 14:12:45,111 [INFO] LogOutputStream:76 - [STDOUT_REDIRECT] 		 39 b
2022-03-20 14:12:45,112 [INFO] LogOutputStream:76 - [STDOUT_REDIRECT] 		 49 13
2022-03-20 14:12:45,113 [INFO] LogOutputStream:76 - [STDOUT_REDIRECT] 		 38 5
2022-03-20 14:12:45,115 [INFO] LogOutputStream:76 - [STDOUT_REDIRECT] 		 0 0
2022-03-20 14:12:45,116 [INFO] LogOutputStream:76 - [STDOUT_REDIRECT] 	Abrev Entry: 22 4 1
2022-03-20 14:12:45,117 [INFO] LogOutputStream:76 - [STDOUT_REDIRECT] 		 3 8
2022-03-20 14:12:45,117 [INFO] LogOutputStream:76 - [STDOUT_REDIRECT] 		 3e b
2022-03-20 14:12:45,118 [INFO] LogOutputStream:76 - [STDOUT_REDIRECT] 		 b b
2022-03-20 14:12:45,119 [INFO] LogOutputStream:76 - [STDOUT_REDIRECT] 		 49 13
2022-03-20 14:12:45,120 [INFO] LogOutputStream:76 - [STDOUT_REDIRECT] 		 3a b
2022-03-20 14:12:45,121 [INFO] LogOutputStream:76 - [STDOUT_REDIRECT] 		 3b 5
2022-03-20 14:12:45,122 [INFO] LogOutputStream:76 - [STDOUT_REDIRECT] 		 39 b
2022-03-20 14:12:45,123 [INFO] LogOutputStream:76 - [STDOUT_REDIRECT] 		 1 13
2022-03-20 14:12:45,125 [INFO] LogOutputStream:76 - [STDOUT_REDIRECT] 		 0 0
2022-03-20 14:12:45,128 [INFO] LogOutputStream:76 - [STDOUT_REDIRECT] 	Abrev Entry: 23 17 0
2022-03-20 14:12:45,129 [INFO] LogOutputStream:76 - [STDOUT_REDIRECT] 		 3 8
2022-03-20 14:12:45,131 [INFO] LogOutputStream:76 - [STDOUT_REDIRECT] 		 3c 19
2022-03-20 14:12:45,132 [INFO] LogOutputStream:76 - [STDOUT_REDIRECT] 		 0 0
2022-03-20 14:12:45,134 [INFO] LogOutputStream:76 - [STDOUT_REDIRECT] 	Abrev Entry: 24 34 0
2022-03-20 14:12:45,135 [INFO] LogOutputStream:76 - [STDOUT_REDIRECT] 		 47 13
2022-03-20 14:12:45,136 [INFO] LogOutputStream:76 - [STDOUT_REDIRECT] 		 3a b
2022-03-20 14:12:45,137 [INFO] LogOutputStream:76 - [STDOUT_REDIRECT] 		 3b 5
2022-03-20 14:12:45,138 [INFO] LogOutputStream:76 - [STDOUT_REDIRECT] 		 39 b
2022-03-20 14:12:45,139 [INFO] LogOutputStream:76 - [STDOUT_REDIRECT] 		 2 18
2022-03-20 14:12:45,140 [INFO] LogOutputStream:76 - [STDOUT_REDIRECT] 		 0 0
2022-03-20 23:08:52,519 [INFO] Activator:177 - 


2022-03-20 23:08:52,560 [INFO] Activator:178 - !SESSION log4j initialized
2022-03-21 10:56:28,551 [INFO] Activator:177 - 


2022-03-21 10:56:28,573 [INFO] Activator:178 - !SESSION log4j initialized
2022-03-27 11:21:05,247 [INFO] Activator:177 - 


2022-03-27 11:21:05,250 [INFO] Activator:178 - !SESSION log4j initialized
2022-03-29 11:52:47,433 [INFO] Activator:177 - 


2022-03-29 11:52:47,449 [INFO] Activator:178 - !SESSION log4j initialized
2022-03-29 16:08:25,213 [INFO] Activator:177 - 


2022-03-29 16:08:25,222 [INFO] Activator:178 - !SESSION log4j initialized
