2022-02-10 10:58:37,006 [INFO] Activator:177 - 


2022-02-10 10:58:37,008 [INFO] Activator:178 - !SESSION log4j initialized
2022-03-20 11:48:50,147 [INFO] Activator:177 - 


2022-03-20 11:48:50,152 [INFO] Activator:178 - !SESSION log4j initialized
2022-03-20 13:35:19,446 [INFO] LogOutputStream:76 - [STDOUT_REDIRECT] Compilation Unit @ b
2022-03-20 13:35:19,451 [INFO] LogOutputStream:76 - [STDOUT_REDIRECT] Length: 498
2022-03-20 13:35:19,454 [INFO] LogOutputStream:76 - [STDOUT_REDIRECT] Version: 4
2022-03-20 13:35:19,456 [INFO] LogOutputStream:76 - [STDOUT_REDIRECT] Abbreviation: 0
2022-03-20 13:35:19,457 [INFO] LogOutputStream:76 - [STDOUT_REDIRECT] Address size: 8
2022-03-20 13:35:19,459 [INFO] LogOutputStream:76 - [STDOUT_REDIRECT] Offset size: 4
2022-03-20 13:35:19,473 [INFO] LogOutputStream:76 - [STDOUT_REDIRECT] 	Abrev Entry: 1 11 1
2022-03-20 13:35:19,475 [INFO] LogOutputStream:76 - [STDOUT_REDIRECT] 		 25 8
2022-03-20 13:35:19,477 [INFO] LogOutputStream:76 - [STDOUT_REDIRECT] 		 13 b
2022-03-20 13:35:19,479 [INFO] LogOutputStream:76 - [STDOUT_REDIRECT] 		 3 8
2022-03-20 13:35:19,481 [INFO] LogOutputStream:76 - [STDOUT_REDIRECT] 		 1b 8
2022-03-20 13:35:19,483 [INFO] LogOutputStream:76 - [STDOUT_REDIRECT] 		 11 1
2022-03-20 13:35:19,485 [INFO] LogOutputStream:76 - [STDOUT_REDIRECT] 		 12 7
2022-03-20 13:35:19,487 [INFO] LogOutputStream:76 - [STDOUT_REDIRECT] 		 10 17
2022-03-20 13:35:19,490 [INFO] LogOutputStream:76 - [STDOUT_REDIRECT] 		 2119 17
2022-03-20 13:35:19,492 [INFO] LogOutputStream:76 - [STDOUT_REDIRECT] 		 0 0
2022-03-20 13:35:19,494 [INFO] LogOutputStream:76 - [STDOUT_REDIRECT] 	Abrev Entry: 2 24 0
2022-03-20 13:35:19,497 [INFO] LogOutputStream:76 - [STDOUT_REDIRECT] 		 b b
2022-03-20 13:35:19,500 [INFO] LogOutputStream:76 - [STDOUT_REDIRECT] 		 3e b
2022-03-20 13:35:19,502 [INFO] LogOutputStream:76 - [STDOUT_REDIRECT] 		 3 8
2022-03-20 13:35:19,503 [INFO] LogOutputStream:76 - [STDOUT_REDIRECT] 		 0 0
2022-03-20 13:35:19,505 [INFO] LogOutputStream:76 - [STDOUT_REDIRECT] 	Abrev Entry: 3 2e 1
2022-03-20 13:35:19,507 [INFO] LogOutputStream:76 - [STDOUT_REDIRECT] 		 3f 19
2022-03-20 13:35:19,509 [INFO] LogOutputStream:76 - [STDOUT_REDIRECT] 		 3 8
2022-03-20 13:35:19,510 [INFO] LogOutputStream:76 - [STDOUT_REDIRECT] 		 3a b
2022-03-20 13:35:19,512 [INFO] LogOutputStream:76 - [STDOUT_REDIRECT] 		 3b b
2022-03-20 13:35:19,514 [INFO] LogOutputStream:76 - [STDOUT_REDIRECT] 		 39 b
2022-03-20 13:35:19,516 [INFO] LogOutputStream:76 - [STDOUT_REDIRECT] 		 49 13
2022-03-20 13:35:19,517 [INFO] LogOutputStream:76 - [STDOUT_REDIRECT] 		 11 1
2022-03-20 13:35:19,518 [INFO] LogOutputStream:76 - [STDOUT_REDIRECT] 		 12 7
2022-03-20 13:35:19,519 [INFO] LogOutputStream:76 - [STDOUT_REDIRECT] 		 40 18
2022-03-20 13:35:19,520 [INFO] LogOutputStream:76 - [STDOUT_REDIRECT] 		 2116 19
2022-03-20 13:35:19,522 [INFO] LogOutputStream:76 - [STDOUT_REDIRECT] 		 1 13
2022-03-20 13:35:19,523 [INFO] LogOutputStream:76 - [STDOUT_REDIRECT] 		 0 0
2022-03-20 13:35:19,525 [INFO] LogOutputStream:76 - [STDOUT_REDIRECT] 	Abrev Entry: 4 34 0
2022-03-20 13:35:19,526 [INFO] LogOutputStream:76 - [STDOUT_REDIRECT] 		 3 8
2022-03-20 13:35:19,527 [INFO] LogOutputStream:76 - [STDOUT_REDIRECT] 		 3a b
2022-03-20 13:35:19,528 [INFO] LogOutputStream:76 - [STDOUT_REDIRECT] 		 3b b
2022-03-20 13:35:19,531 [INFO] LogOutputStream:76 - [STDOUT_REDIRECT] 		 39 b
2022-03-20 13:35:19,533 [INFO] LogOutputStream:76 - [STDOUT_REDIRECT] 		 49 13
2022-03-20 13:35:19,535 [INFO] LogOutputStream:76 - [STDOUT_REDIRECT] 		 2 18
2022-03-20 13:35:19,536 [INFO] LogOutputStream:76 - [STDOUT_REDIRECT] 		 0 0
2022-03-20 13:35:19,538 [INFO] LogOutputStream:76 - [STDOUT_REDIRECT] 	Abrev Entry: 5 4109 0
2022-03-20 13:35:19,539 [INFO] LogOutputStream:76 - [STDOUT_REDIRECT] 		 11 1
2022-03-20 13:35:19,541 [INFO] LogOutputStream:76 - [STDOUT_REDIRECT] 		 31 13
2022-03-20 13:35:19,542 [INFO] LogOutputStream:76 - [STDOUT_REDIRECT] 		 0 0
2022-03-20 13:35:19,544 [INFO] LogOutputStream:76 - [STDOUT_REDIRECT] 	Abrev Entry: 6 2e 0
2022-03-20 13:35:19,545 [INFO] LogOutputStream:76 - [STDOUT_REDIRECT] 		 3f 19
2022-03-20 13:35:19,547 [INFO] LogOutputStream:76 - [STDOUT_REDIRECT] 		 3c 19
2022-03-20 13:35:19,548 [INFO] LogOutputStream:76 - [STDOUT_REDIRECT] 		 6e e
2022-03-20 13:35:19,549 [INFO] LogOutputStream:76 - [STDOUT_REDIRECT] 		 3 e
2022-03-20 13:35:19,551 [INFO] LogOutputStream:76 - [STDOUT_REDIRECT] 		 3a b
2022-03-20 13:35:19,552 [INFO] LogOutputStream:76 - [STDOUT_REDIRECT] 		 3b b
2022-03-20 13:35:19,554 [INFO] LogOutputStream:76 - [STDOUT_REDIRECT] 		 39 b
2022-03-20 13:35:19,555 [INFO] LogOutputStream:76 - [STDOUT_REDIRECT] 		 0 0
2022-03-20 13:35:19,559 [INFO] LogOutputStream:76 - [STDOUT_REDIRECT] Compilation Unit @ 201
2022-03-20 13:35:19,560 [INFO] LogOutputStream:76 - [STDOUT_REDIRECT] Length: 42
2022-03-20 13:35:19,561 [INFO] LogOutputStream:76 - [STDOUT_REDIRECT] Version: 2
2022-03-20 13:35:19,562 [INFO] LogOutputStream:76 - [STDOUT_REDIRECT] Abbreviation: 109
2022-03-20 13:35:19,563 [INFO] LogOutputStream:76 - [STDOUT_REDIRECT] Address size: 8
2022-03-20 13:35:19,564 [INFO] LogOutputStream:76 - [STDOUT_REDIRECT] Offset size: 4
2022-03-20 13:35:19,566 [INFO] LogOutputStream:76 - [STDOUT_REDIRECT] 	Abrev Entry: 1 11 0
2022-03-20 13:35:19,567 [INFO] LogOutputStream:76 - [STDOUT_REDIRECT] 		 10 6
2022-03-20 13:35:19,567 [INFO] LogOutputStream:76 - [STDOUT_REDIRECT] 		 11 1
2022-03-20 13:35:19,568 [INFO] LogOutputStream:76 - [STDOUT_REDIRECT] 		 12 1
2022-03-20 13:35:19,569 [INFO] LogOutputStream:76 - [STDOUT_REDIRECT] 		 3 e
2022-03-20 13:35:19,570 [INFO] LogOutputStream:76 - [STDOUT_REDIRECT] 		 1b e
2022-03-20 13:35:19,571 [INFO] LogOutputStream:76 - [STDOUT_REDIRECT] 		 25 e
2022-03-20 13:35:19,571 [INFO] LogOutputStream:76 - [STDOUT_REDIRECT] 		 13 5
2022-03-20 13:35:19,572 [INFO] LogOutputStream:76 - [STDOUT_REDIRECT] 		 0 0
2022-03-20 13:35:19,574 [INFO] LogOutputStream:76 - [STDOUT_REDIRECT] Compilation Unit @ 22f
2022-03-20 13:35:19,575 [INFO] LogOutputStream:76 - [STDOUT_REDIRECT] Length: 7894
2022-03-20 13:35:19,576 [INFO] LogOutputStream:76 - [STDOUT_REDIRECT] Version: 4
2022-03-20 13:35:19,577 [INFO] LogOutputStream:76 - [STDOUT_REDIRECT] Abbreviation: 129
2022-03-20 13:35:19,578 [INFO] LogOutputStream:76 - [STDOUT_REDIRECT] Address size: 8
2022-03-20 13:35:19,580 [INFO] LogOutputStream:76 - [STDOUT_REDIRECT] Offset size: 4
2022-03-20 13:35:19,581 [INFO] LogOutputStream:76 - [STDOUT_REDIRECT] 	Abrev Entry: 1 11 1
2022-03-20 13:35:19,583 [INFO] LogOutputStream:76 - [STDOUT_REDIRECT] 		 25 8
2022-03-20 13:35:19,583 [INFO] LogOutputStream:76 - [STDOUT_REDIRECT] 		 13 b
2022-03-20 13:35:19,584 [INFO] LogOutputStream:76 - [STDOUT_REDIRECT] 		 3 8
2022-03-20 13:35:19,585 [INFO] LogOutputStream:76 - [STDOUT_REDIRECT] 		 1b 8
2022-03-20 13:35:19,586 [INFO] LogOutputStream:76 - [STDOUT_REDIRECT] 		 10 17
2022-03-20 13:35:19,586 [INFO] LogOutputStream:76 - [STDOUT_REDIRECT] 		 0 0
2022-03-20 13:35:19,588 [INFO] LogOutputStream:76 - [STDOUT_REDIRECT] 	Abrev Entry: 2 24 0
2022-03-20 13:35:19,588 [INFO] LogOutputStream:76 - [STDOUT_REDIRECT] 		 b b
2022-03-20 13:35:19,589 [INFO] LogOutputStream:76 - [STDOUT_REDIRECT] 		 3e b
2022-03-20 13:35:19,590 [INFO] LogOutputStream:76 - [STDOUT_REDIRECT] 		 3 8
2022-03-20 13:35:19,591 [INFO] LogOutputStream:76 - [STDOUT_REDIRECT] 		 0 0
2022-03-20 13:35:19,592 [INFO] LogOutputStream:76 - [STDOUT_REDIRECT] 	Abrev Entry: 3 26 0
2022-03-20 13:35:19,593 [INFO] LogOutputStream:76 - [STDOUT_REDIRECT] 		 49 13
2022-03-20 13:35:19,594 [INFO] LogOutputStream:76 - [STDOUT_REDIRECT] 		 0 0
2022-03-20 13:35:19,596 [INFO] LogOutputStream:76 - [STDOUT_REDIRECT] 	Abrev Entry: 4 16 0
2022-03-20 13:35:19,597 [INFO] LogOutputStream:76 - [STDOUT_REDIRECT] 		 3 8
2022-03-20 13:35:19,598 [INFO] LogOutputStream:76 - [STDOUT_REDIRECT] 		 3a b
2022-03-20 13:35:19,598 [INFO] LogOutputStream:76 - [STDOUT_REDIRECT] 		 3b b
2022-03-20 13:35:19,599 [INFO] LogOutputStream:76 - [STDOUT_REDIRECT] 		 39 b
2022-03-20 13:35:19,600 [INFO] LogOutputStream:76 - [STDOUT_REDIRECT] 		 49 13
2022-03-20 13:35:19,601 [INFO] LogOutputStream:76 - [STDOUT_REDIRECT] 		 0 0
2022-03-20 13:35:19,602 [INFO] LogOutputStream:76 - [STDOUT_REDIRECT] 	Abrev Entry: 5 f 0
2022-03-20 13:35:19,603 [INFO] LogOutputStream:76 - [STDOUT_REDIRECT] 		 b b
2022-03-20 13:35:19,604 [INFO] LogOutputStream:76 - [STDOUT_REDIRECT] 		 49 13
2022-03-20 13:35:19,605 [INFO] LogOutputStream:76 - [STDOUT_REDIRECT] 		 0 0
2022-03-20 13:35:19,606 [INFO] LogOutputStream:76 - [STDOUT_REDIRECT] 	Abrev Entry: 6 34 0
2022-03-20 13:35:19,607 [INFO] LogOutputStream:76 - [STDOUT_REDIRECT] 		 3 8
2022-03-20 13:35:19,608 [INFO] LogOutputStream:76 - [STDOUT_REDIRECT] 		 3a b
2022-03-20 13:35:19,608 [INFO] LogOutputStream:76 - [STDOUT_REDIRECT] 		 3b b
2022-03-20 13:35:19,609 [INFO] LogOutputStream:76 - [STDOUT_REDIRECT] 		 39 b
2022-03-20 13:35:19,610 [INFO] LogOutputStream:76 - [STDOUT_REDIRECT] 		 49 13
2022-03-20 13:35:19,611 [INFO] LogOutputStream:76 - [STDOUT_REDIRECT] 		 3f 19
2022-03-20 13:35:19,612 [INFO] LogOutputStream:76 - [STDOUT_REDIRECT] 		 3c 19
2022-03-20 13:35:19,613 [INFO] LogOutputStream:76 - [STDOUT_REDIRECT] 		 0 0
2022-03-20 13:35:19,614 [INFO] LogOutputStream:76 - [STDOUT_REDIRECT] 	Abrev Entry: 7 15 0
2022-03-20 13:35:19,615 [INFO] LogOutputStream:76 - [STDOUT_REDIRECT] 		 27 19
2022-03-20 13:35:19,616 [INFO] LogOutputStream:76 - [STDOUT_REDIRECT] 		 0 0
2022-03-20 13:35:19,617 [INFO] LogOutputStream:76 - [STDOUT_REDIRECT] 	Abrev Entry: 8 1 1
2022-03-20 13:35:19,618 [INFO] LogOutputStream:76 - [STDOUT_REDIRECT] 		 49 13
2022-03-20 13:35:19,619 [INFO] LogOutputStream:76 - [STDOUT_REDIRECT] 		 1 13
2022-03-20 13:35:19,619 [INFO] LogOutputStream:76 - [STDOUT_REDIRECT] 		 0 0
2022-03-20 13:35:19,621 [INFO] LogOutputStream:76 - [STDOUT_REDIRECT] 	Abrev Entry: 9 21 0
2022-03-20 13:35:19,622 [INFO] LogOutputStream:76 - [STDOUT_REDIRECT] 		 49 13
2022-03-20 13:35:19,623 [INFO] LogOutputStream:76 - [STDOUT_REDIRECT] 		 2f b
2022-03-20 13:35:19,624 [INFO] LogOutputStream:76 - [STDOUT_REDIRECT] 		 0 0
2022-03-20 13:35:19,625 [INFO] LogOutputStream:76 - [STDOUT_REDIRECT] 	Abrev Entry: 10 34 0
2022-03-20 13:35:19,626 [INFO] LogOutputStream:76 - [STDOUT_REDIRECT] 		 3 8
2022-03-20 13:35:19,626 [INFO] LogOutputStream:76 - [STDOUT_REDIRECT] 		 3a b
2022-03-20 13:35:19,627 [INFO] LogOutputStream:76 - [STDOUT_REDIRECT] 		 3b 5
2022-03-20 13:35:19,628 [INFO] LogOutputStream:76 - [STDOUT_REDIRECT] 		 39 b
2022-03-20 13:35:19,629 [INFO] LogOutputStream:76 - [STDOUT_REDIRECT] 		 49 13
2022-03-20 13:35:19,630 [INFO] LogOutputStream:76 - [STDOUT_REDIRECT] 		 3f 19
2022-03-20 13:35:19,631 [INFO] LogOutputStream:76 - [STDOUT_REDIRECT] 		 3c 19
2022-03-20 13:35:19,632 [INFO] LogOutputStream:76 - [STDOUT_REDIRECT] 		 0 0
2022-03-20 13:35:19,634 [INFO] LogOutputStream:76 - [STDOUT_REDIRECT] 	Abrev Entry: 11 15 1
2022-03-20 13:35:19,634 [INFO] LogOutputStream:76 - [STDOUT_REDIRECT] 		 27 19
2022-03-20 13:35:19,635 [INFO] LogOutputStream:76 - [STDOUT_REDIRECT] 		 49 13
2022-03-20 13:35:19,636 [INFO] LogOutputStream:76 - [STDOUT_REDIRECT] 		 1 13
2022-03-20 13:35:19,637 [INFO] LogOutputStream:76 - [STDOUT_REDIRECT] 		 0 0
2022-03-20 13:35:19,638 [INFO] LogOutputStream:76 - [STDOUT_REDIRECT] 	Abrev Entry: 12 5 0
2022-03-20 13:35:19,639 [INFO] LogOutputStream:76 - [STDOUT_REDIRECT] 		 49 13
2022-03-20 13:35:19,640 [INFO] LogOutputStream:76 - [STDOUT_REDIRECT] 		 0 0
2022-03-20 13:35:19,641 [INFO] LogOutputStream:76 - [STDOUT_REDIRECT] 	Abrev Entry: 13 26 0
2022-03-20 13:35:19,642 [INFO] LogOutputStream:76 - [STDOUT_REDIRECT] 		 0 0
2022-03-20 13:35:19,643 [INFO] LogOutputStream:76 - [STDOUT_REDIRECT] 	Abrev Entry: 14 4 1
2022-03-20 13:35:19,644 [INFO] LogOutputStream:76 - [STDOUT_REDIRECT] 		 3 8
2022-03-20 13:35:19,645 [INFO] LogOutputStream:76 - [STDOUT_REDIRECT] 		 3e b
2022-03-20 13:35:19,646 [INFO] LogOutputStream:76 - [STDOUT_REDIRECT] 		 b b
2022-03-20 13:35:19,647 [INFO] LogOutputStream:76 - [STDOUT_REDIRECT] 		 49 13
2022-03-20 13:35:19,648 [INFO] LogOutputStream:76 - [STDOUT_REDIRECT] 		 3a b
2022-03-20 13:35:19,648 [INFO] LogOutputStream:76 - [STDOUT_REDIRECT] 		 3b b
2022-03-20 13:35:19,649 [INFO] LogOutputStream:76 - [STDOUT_REDIRECT] 		 39 b
2022-03-20 13:35:19,650 [INFO] LogOutputStream:76 - [STDOUT_REDIRECT] 		 1 13
2022-03-20 13:35:19,651 [INFO] LogOutputStream:76 - [STDOUT_REDIRECT] 		 0 0
2022-03-20 13:35:19,652 [INFO] LogOutputStream:76 - [STDOUT_REDIRECT] 	Abrev Entry: 15 28 0
2022-03-20 13:35:19,653 [INFO] LogOutputStream:76 - [STDOUT_REDIRECT] 		 3 8
2022-03-20 13:35:19,654 [INFO] LogOutputStream:76 - [STDOUT_REDIRECT] 		 1c b
2022-03-20 13:35:19,667 [INFO] LogOutputStream:76 - [STDOUT_REDIRECT] 		 0 0
2022-03-20 13:35:19,668 [INFO] LogOutputStream:76 - [STDOUT_REDIRECT] 	Abrev Entry: 16 21 0
2022-03-20 13:35:19,670 [INFO] LogOutputStream:76 - [STDOUT_REDIRECT] 		 0 0
2022-03-20 13:35:19,672 [INFO] LogOutputStream:76 - [STDOUT_REDIRECT] 	Abrev Entry: 17 13 1
2022-03-20 13:35:19,673 [INFO] LogOutputStream:76 - [STDOUT_REDIRECT] 		 3 8
2022-03-20 13:35:19,675 [INFO] LogOutputStream:76 - [STDOUT_REDIRECT] 		 b b
2022-03-20 13:35:19,676 [INFO] LogOutputStream:76 - [STDOUT_REDIRECT] 		 3a b
2022-03-20 13:35:19,676 [INFO] LogOutputStream:76 - [STDOUT_REDIRECT] 		 3b b
2022-03-20 13:35:19,677 [INFO] LogOutputStream:76 - [STDOUT_REDIRECT] 		 39 b
2022-03-20 13:35:19,678 [INFO] LogOutputStream:76 - [STDOUT_REDIRECT] 		 1 13
2022-03-20 13:35:19,679 [INFO] LogOutputStream:76 - [STDOUT_REDIRECT] 		 0 0
2022-03-20 13:35:19,680 [INFO] LogOutputStream:76 - [STDOUT_REDIRECT] 	Abrev Entry: 18 d 0
2022-03-20 13:35:19,681 [INFO] LogOutputStream:76 - [STDOUT_REDIRECT] 		 3 8
2022-03-20 13:35:19,682 [INFO] LogOutputStream:76 - [STDOUT_REDIRECT] 		 3a b
2022-03-20 13:35:19,683 [INFO] LogOutputStream:76 - [STDOUT_REDIRECT] 		 3b b
2022-03-20 13:35:19,684 [INFO] LogOutputStream:76 - [STDOUT_REDIRECT] 		 39 b
2022-03-20 13:35:19,685 [INFO] LogOutputStream:76 - [STDOUT_REDIRECT] 		 49 13
2022-03-20 13:35:19,686 [INFO] LogOutputStream:76 - [STDOUT_REDIRECT] 		 38 b
2022-03-20 13:35:19,687 [INFO] LogOutputStream:76 - [STDOUT_REDIRECT] 		 0 0
2022-03-20 13:35:19,688 [INFO] LogOutputStream:76 - [STDOUT_REDIRECT] 	Abrev Entry: 19 13 1
2022-03-20 13:35:19,689 [INFO] LogOutputStream:76 - [STDOUT_REDIRECT] 		 3 8
2022-03-20 13:35:19,690 [INFO] LogOutputStream:76 - [STDOUT_REDIRECT] 		 b 5
2022-03-20 13:35:19,691 [INFO] LogOutputStream:76 - [STDOUT_REDIRECT] 		 3a b
2022-03-20 13:35:19,691 [INFO] LogOutputStream:76 - [STDOUT_REDIRECT] 		 3b b
2022-03-20 13:35:19,692 [INFO] LogOutputStream:76 - [STDOUT_REDIRECT] 		 39 b
2022-03-20 13:35:19,693 [INFO] LogOutputStream:76 - [STDOUT_REDIRECT] 		 1 13
2022-03-20 13:35:19,695 [INFO] LogOutputStream:76 - [STDOUT_REDIRECT] 		 0 0
2022-03-20 13:35:19,697 [INFO] LogOutputStream:76 - [STDOUT_REDIRECT] 	Abrev Entry: 20 d 0
2022-03-20 13:35:19,699 [INFO] LogOutputStream:76 - [STDOUT_REDIRECT] 		 3 8
2022-03-20 13:35:19,700 [INFO] LogOutputStream:76 - [STDOUT_REDIRECT] 		 3a b
2022-03-20 13:35:19,702 [INFO] LogOutputStream:76 - [STDOUT_REDIRECT] 		 3b 5
2022-03-20 13:35:19,703 [INFO] LogOutputStream:76 - [STDOUT_REDIRECT] 		 39 b
2022-03-20 13:35:19,705 [INFO] LogOutputStream:76 - [STDOUT_REDIRECT] 		 49 13
2022-03-20 13:35:19,706 [INFO] LogOutputStream:76 - [STDOUT_REDIRECT] 		 38 b
2022-03-20 13:35:19,708 [INFO] LogOutputStream:76 - [STDOUT_REDIRECT] 		 0 0
2022-03-20 13:35:19,710 [INFO] LogOutputStream:76 - [STDOUT_REDIRECT] 	Abrev Entry: 21 d 0
2022-03-20 13:35:19,711 [INFO] LogOutputStream:76 - [STDOUT_REDIRECT] 		 3 8
2022-03-20 13:35:19,712 [INFO] LogOutputStream:76 - [STDOUT_REDIRECT] 		 3a b
2022-03-20 13:35:19,714 [INFO] LogOutputStream:76 - [STDOUT_REDIRECT] 		 3b 5
2022-03-20 13:35:19,715 [INFO] LogOutputStream:76 - [STDOUT_REDIRECT] 		 39 b
2022-03-20 13:35:19,716 [INFO] LogOutputStream:76 - [STDOUT_REDIRECT] 		 49 13
2022-03-20 13:35:19,718 [INFO] LogOutputStream:76 - [STDOUT_REDIRECT] 		 38 5
2022-03-20 13:35:19,719 [INFO] LogOutputStream:76 - [STDOUT_REDIRECT] 		 0 0
2022-03-20 13:35:19,721 [INFO] LogOutputStream:76 - [STDOUT_REDIRECT] 	Abrev Entry: 22 4 1
2022-03-20 13:35:19,722 [INFO] LogOutputStream:76 - [STDOUT_REDIRECT] 		 3 8
2022-03-20 13:35:19,723 [INFO] LogOutputStream:76 - [STDOUT_REDIRECT] 		 3e b
2022-03-20 13:35:19,724 [INFO] LogOutputStream:76 - [STDOUT_REDIRECT] 		 b b
2022-03-20 13:35:19,725 [INFO] LogOutputStream:76 - [STDOUT_REDIRECT] 		 49 13
2022-03-20 13:35:19,725 [INFO] LogOutputStream:76 - [STDOUT_REDIRECT] 		 3a b
2022-03-20 13:35:19,726 [INFO] LogOutputStream:76 - [STDOUT_REDIRECT] 		 3b 5
2022-03-20 13:35:19,727 [INFO] LogOutputStream:76 - [STDOUT_REDIRECT] 		 39 b
2022-03-20 13:35:19,728 [INFO] LogOutputStream:76 - [STDOUT_REDIRECT] 		 1 13
2022-03-20 13:35:19,729 [INFO] LogOutputStream:76 - [STDOUT_REDIRECT] 		 0 0
2022-03-20 13:35:19,730 [INFO] LogOutputStream:76 - [STDOUT_REDIRECT] 	Abrev Entry: 23 17 0
2022-03-20 13:35:19,731 [INFO] LogOutputStream:76 - [STDOUT_REDIRECT] 		 3 8
2022-03-20 13:35:19,732 [INFO] LogOutputStream:76 - [STDOUT_REDIRECT] 		 3c 19
2022-03-20 13:35:19,733 [INFO] LogOutputStream:76 - [STDOUT_REDIRECT] 		 0 0
2022-03-20 13:35:19,735 [INFO] LogOutputStream:76 - [STDOUT_REDIRECT] 	Abrev Entry: 24 34 0
2022-03-20 13:35:19,735 [INFO] LogOutputStream:76 - [STDOUT_REDIRECT] 		 47 13
2022-03-20 13:35:19,736 [INFO] LogOutputStream:76 - [STDOUT_REDIRECT] 		 3a b
2022-03-20 13:35:19,737 [INFO] LogOutputStream:76 - [STDOUT_REDIRECT] 		 3b 5
2022-03-20 13:35:19,738 [INFO] LogOutputStream:76 - [STDOUT_REDIRECT] 		 39 b
2022-03-20 13:35:19,739 [INFO] LogOutputStream:76 - [STDOUT_REDIRECT] 		 2 18
2022-03-20 13:35:19,740 [INFO] LogOutputStream:76 - [STDOUT_REDIRECT] 		 0 0
2022-03-20 21:05:33,440 [INFO] Activator:177 - 


2022-03-20 21:05:33,469 [INFO] Activator:178 - !SESSION log4j initialized
2022-03-26 13:43:21,331 [INFO] Activator:177 - 


2022-03-26 13:43:21,351 [INFO] Activator:178 - !SESSION log4j initialized
2022-03-26 15:09:33,122 [INFO] Activator:177 - 


2022-03-26 15:09:33,127 [INFO] Activator:178 - !SESSION log4j initialized
2022-03-27 16:20:15,856 [INFO] Activator:177 - 


2022-03-27 16:20:15,859 [INFO] Activator:178 - !SESSION log4j initialized
2022-03-28 20:35:23,509 [INFO] Activator:177 - 


2022-03-28 20:35:23,524 [INFO] Activator:178 - !SESSION log4j initialized
