21:07:53 **** Rebuild of configuration Debug for project exercise 4.1 ****
Info: Internal Builder is used for build
gcc -O0 -g3 -Wall -c -fmessage-length=0 -o main.o "..\\main.c" 
..\main.c: In function 'main':
..\main.c:22:10: warning: format '%d' expects argument of type 'int *', but argument 2 has type 'float *' [-Wformat=]
  scanf("%d %d",&a,&b);
         ~^     ~~
         %e
..\main.c:22:13: warning: format '%d' expects argument of type 'int *', but argument 3 has type 'float *' [-Wformat=]
  scanf("%d %d",&a,&b);
            ~^     ~~
            %e
..\main.c:22:10: warning: format '%d' expects argument of type 'int *', but argument 2 has type 'float *' [-Wformat=]
  scanf("%d %d",&a,&b);
         ~^     ~~
         %e
..\main.c:22:13: warning: format '%d' expects argument of type 'int *', but argument 3 has type 'float *' [-Wformat=]
  scanf("%d %d",&a,&b);
            ~^     ~~
            %e
..\main.c:27:23: warning: format '%d' expects argument of type 'int', but argument 2 has type 'double' [-Wformat=]
  printf("\nCONG =  %.2d TRU =  %.2d NHAN =  %.2d chia =  %.2f",cong,tru,nhan,chia);
                    ~~~^                                        ~~~~
                    %.2f
..\main.c:27:35: warning: format '%d' expects argument of type 'int', but argument 3 has type 'double' [-Wformat=]
  printf("\nCONG =  %.2d TRU =  %.2d NHAN =  %.2d chia =  %.2f",cong,tru,nhan,chia);
                                ~~~^                                 ~~~
                                %.2f
..\main.c:27:48: warning: format '%d' expects argument of type 'int', but argument 4 has type 'double' [-Wformat=]
  printf("\nCONG =  %.2d TRU =  %.2d NHAN =  %.2d chia =  %.2f",cong,tru,nhan,chia);
                                             ~~~^                        ~~~~
                                             %.2f
..\main.c:27:23: warning: format '%d' expects argument of type 'int', but argument 2 has type 'double' [-Wformat=]
  printf("\nCONG =  %.2d TRU =  %.2d NHAN =  %.2d chia =  %.2f",cong,tru,nhan,chia);
                    ~~~^                                        ~~~~
                    %.2f
..\main.c:27:35: warning: format '%d' expects argument of type 'int', but argument 3 has type 'double' [-Wformat=]
  printf("\nCONG =  %.2d TRU =  %.2d NHAN =  %.2d chia =  %.2f",cong,tru,nhan,chia);
                                ~~~^                                 ~~~
                                %.2f
..\main.c:27:48: warning: format '%d' expects argument of type 'int', but argument 4 has type 'double' [-Wformat=]
  printf("\nCONG =  %.2d TRU =  %.2d NHAN =  %.2d chia =  %.2f",cong,tru,nhan,chia);
                                             ~~~^                        ~~~~
                                             %.2f
gcc -o "exercise 4.1.exe" main.o 

21:07:55 Build Finished. 0 errors, 10 warnings. (took 2s.180ms)

